VirtualBox XPCOM Server 5.2.35 r135669 darwin.amd64 (Jan 13 2020 18:44:20) release log
00:00:00.000636 main     Log opened 2020-02-14T06:32:41.346709000Z
00:00:00.000636 main     Build Type: release
00:00:00.000649 main     OS Product: Darwin
00:00:00.000654 main     OS Release: 19.2.0
00:00:00.000659 main     OS Version: Darwin Kernel Version 19.2.0: Sat Nov  9 03:47:04 PST 2019; root:xnu-6153.61.1~20/RELEASE_X86_64
00:00:00.000763 main     DMI Product Name: MacBookPro15,4
00:00:00.000797 main     DMI Product Version: 1.0
00:00:00.000821 main     Host RAM: 8192MB (8.0GB) total, 2916MB (2.8GB) available
00:00:00.000826 main     Executable: /Applications/VirtualBox.app/Contents/MacOS/VBoxSVC
00:00:00.000826 main     Process ID: 5856
00:00:00.000827 main     Package type: DARWIN_64BITS_GENERIC
00:00:00.002492 main     IPC socket path: /tmp/.vbox-root-ipc/ipcd
00:00:00.105742 nspr-2   VirtualBox: object creation starts
00:00:00.106154 nspr-2   Home directory: '/var/root/Library/VirtualBox'
00:00:00.163447 nspr-2   HostDnsMonitor::updateInfo
00:00:00.163529 nspr-2   HostDnsMonitor: old information
00:00:00.163536 nspr-2     no server entries
00:00:00.163541 nspr-2     no domain set
00:00:00.163546 nspr-2     no search string entries
00:00:00.163550 nspr-2   HostDnsMonitor: new information
00:00:00.163555 nspr-2     server 1: 46.197.15.60
00:00:00.163560 nspr-2     server 2: 178.233.140.110
00:00:00.163565 nspr-2     server 3: 176.240.150.250
00:00:00.163570 nspr-2     no domain set
00:00:00.163574 nspr-2     no search string entries
00:00:00.164263 nspr-2   VD: VDInit finished with VINF_SUCCESS
00:00:00.164732 nspr-2   VirtualBox: object created
00:00:05.171364 main     VirtualBox: object deletion starts
00:00:05.173787 Watcher  ERROR [COM]: aRC=E_ACCESSDENIED (0x80070005) aIID={9570b9d5-f1a1-448a-10c5-e12f5285adad} aComponent={VirtualBoxWrap} aText={The object is not ready}, preserve=false aResultDetail=0
00:00:05.173987 main     VirtualBox: object deleted
